Copyright 1986-2016 Xilinx, Inc. All Rights Reserved.
--------------------------------------------------------------------------------------------
| Tool Version : Vivado v.2016.2 (win64) Build 1577090 Thu Jun  2 16:32:40 MDT 2016
| Date         : Fri May 10 15:06:19 2019
| Host         : LAPTOP-N22FN740 running 64-bit major release  (build 9200)
| Command      : report_control_sets -verbose -file sccomp_dataflow_control_sets_placed.rpt
| Design       : sccomp_dataflow
| Device       : xc7a100t
--------------------------------------------------------------------------------------------

Control Set Information

Table of Contents
-----------------
1. Summary
2. Flip-Flop Distribution
3. Detailed Control Set Information

1. Summary
----------

+----------------------------------------------------------+-------+
|                          Status                          | Count |
+----------------------------------------------------------+-------+
| Number of unique control sets                            |   548 |
| Unused register locations in slices containing registers |    14 |
+----------------------------------------------------------+-------+


2. Flip-Flop Distribution
-------------------------

+--------------+-----------------------+------------------------+-----------------+--------------+
| Clock Enable | Synchronous Set/Reset | Asynchronous Set/Reset | Total Registers | Total Slices |
+--------------+-----------------------+------------------------+-----------------+--------------+
| No           | No                    | No                     |               1 |            1 |
| No           | No                    | Yes                    |              57 |           23 |
| No           | Yes                   | No                     |              32 |            9 |
| Yes          | No                    | No                     |            4096 |         2543 |
| Yes          | No                    | Yes                    |            1056 |          539 |
| Yes          | Yes                   | No                     |               0 |            0 |
+--------------+-----------------------+------------------------+-----------------+--------------+


3. Detailed Control Set Information
-----------------------------------

+-------------------+-----------------------------------------+------------------+------------------+----------------+
|    Clock Signal   |              Enable Signal              | Set/Reset Signal | Slice Load Count | Bel Load Count |
+-------------------+-----------------------------------------+------------------+------------------+----------------+
|  clk_in_IBUF_BUFG |                                         |                  |                1 |              1 |
|  LED/seg7_clk     |                                         | reset_IBUF       |                2 |              3 |
|  oclk_BUFG        | sccpu/cpu_ref/mem_reg[97][7][0]         |                  |                5 |              8 |
|  oclk_BUFG        | sccpu/cpu_ref/mem_reg[98][7][0]         |                  |                5 |              8 |
|  oclk_BUFG        | sccpu/cpu_ref/mem_reg[99][7][0]         |                  |                4 |              8 |
|  oclk_BUFG        | sccpu/cpu_ref/mem_reg[9][7][0]          |                  |                6 |              8 |
|  oclk_BUFG        | sccpu/cpu_ref/mem_reg[163][7][0]        |                  |                5 |              8 |
|  oclk_BUFG        | sccpu/cpu_ref/mem_reg[164][7][0]        |                  |                4 |              8 |
|  oclk_BUFG        | sccpu/cpu_ref/mem_reg[165][7][0]        |                  |                4 |              8 |
|  oclk_BUFG        | sccpu/cpu_ref/mem_reg[166][7][0]        |                  |                5 |              8 |
|  oclk_BUFG        | sccpu/cpu_ref/mem_reg[167][7][0]        |                  |                4 |              8 |
|  oclk_BUFG        | sccpu/cpu_ref/mem_reg[168][7][0]        |                  |                5 |              8 |
|  oclk_BUFG        | sccpu/cpu_ref/mem_reg[169][7][0]        |                  |                5 |              8 |
|  oclk_BUFG        | sccpu/cpu_ref/mem_reg[16][7][0]         |                  |                6 |              8 |
|  oclk_BUFG        | sccpu/cpu_ref/mem_reg[170][7][0]        |                  |                6 |              8 |
|  oclk_BUFG        | sccpu/cpu_ref/mem_reg[171][7][0]        |                  |                4 |              8 |
|  oclk_BUFG        | sccpu/cpu_ref/mem_reg[172][7][0]        |                  |                4 |              8 |
|  oclk_BUFG        | sccpu/cpu_ref/mem_reg[173][7][0]        |                  |                5 |              8 |
|  oclk_BUFG        | sccpu/cpu_ref/mem_reg[174][7][0]        |                  |                5 |              8 |
|  oclk_BUFG        | sccpu/cpu_ref/mem_reg[175][7][0]        |                  |                5 |              8 |
|  oclk_BUFG        | sccpu/cpu_ref/mem_reg[176][7][0]        |                  |                4 |              8 |
|  oclk_BUFG        | sccpu/cpu_ref/mem_reg[177][7]_0[0]      |                  |                4 |              8 |
|  oclk_BUFG        | sccpu/cpu_ref/mem_reg[178][7]_0[0]      |                  |                4 |              8 |
|  oclk_BUFG        | sccpu/cpu_ref/mem_reg[179][7]_0[0]      |                  |                4 |              8 |
|  oclk_BUFG        | sccpu/cpu_ref/mem_reg[17][7][0]         |                  |                4 |              8 |
|  oclk_BUFG        | sccpu/cpu_ref/mem_reg[180][7][0]        |                  |                5 |              8 |
|  oclk_BUFG        | sccpu/cpu_ref/mem_reg[181][7][0]        |                  |                5 |              8 |
|  oclk_BUFG        | sccpu/cpu_ref/mem_reg[182][7][0]        |                  |                4 |              8 |
|  oclk_BUFG        | sccpu/cpu_ref/mem_reg[183][7]_0[0]      |                  |                4 |              8 |
|  oclk_BUFG        | sccpu/cpu_ref/mem_reg[184][7]_0[0]      |                  |                3 |              8 |
|  oclk_BUFG        | sccpu/cpu_ref/mem_reg[185][7]_0[0]      |                  |                4 |              8 |
|  oclk_BUFG        | sccpu/cpu_ref/mem_reg[186][7]_0[0]      |                  |                5 |              8 |
|  oclk_BUFG        | sccpu/cpu_ref/mem_reg[187][7]_0[0]      |                  |                5 |              8 |
|  oclk_BUFG        | sccpu/cpu_ref/mem_reg[188][7]_1[0]      |                  |                4 |              8 |
|  oclk_BUFG        | sccpu/cpu_ref/mem_reg[189][7][0]        |                  |                4 |              8 |
|  oclk_BUFG        | sccpu/cpu_ref/mem_reg[18][7][0]         |                  |                5 |              8 |
|  oclk_BUFG        | sccpu/cpu_ref/mem_reg[190][7][0]        |                  |                5 |              8 |
|  oclk_BUFG        | sccpu/cpu_ref/mem_reg[191][7]_0[0]      |                  |                5 |              8 |
|  oclk_BUFG        | sccpu/cpu_ref/mem_reg[192][7]_0[0]      |                  |                5 |              8 |
|  oclk_BUFG        | sccpu/cpu_ref/mem_reg[193][7]_1[0]      |                  |                4 |              8 |
|  oclk_BUFG        | sccpu/cpu_ref/mem_reg[194][7]_0[0]      |                  |                3 |              8 |
|  oclk_BUFG        | sccpu/cpu_ref/mem_reg[195][7][0]        |                  |                4 |              8 |
|  oclk_BUFG        | sccpu/cpu_ref/mem_reg[196][7][0]        |                  |                4 |              8 |
|  oclk_BUFG        | sccpu/cpu_ref/mem_reg[197][7]_0[0]      |                  |                3 |              8 |
|  oclk_BUFG        | sccpu/cpu_ref/mem_reg[198][7]_0[0]      |                  |                4 |              8 |
|  oclk_BUFG        | sccpu/cpu_ref/mem_reg[199][7]_0[0]      |                  |                5 |              8 |
|  oclk_BUFG        | sccpu/cpu_ref/mem_reg[19][7][0]         |                  |                8 |              8 |
|  oclk_BUFG        | sccpu/cpu_ref/mem_reg[1][7][0]          |                  |                4 |              8 |
|  oclk_BUFG        | sccpu/cpu_ref/mem_reg[200][7]_0[0]      |                  |                5 |              8 |
|  oclk_BUFG        | sccpu/cpu_ref/mem_reg[201][7]_0[0]      |                  |                4 |              8 |
|  oclk_BUFG        | sccpu/cpu_ref/mem_reg[202][7]_0[0]      |                  |                4 |              8 |
|  oclk_BUFG        | sccpu/cpu_ref/mem_reg[203][7][0]        |                  |                5 |              8 |
|  oclk_BUFG        | sccpu/cpu_ref/mem_reg[204][7][0]        |                  |                5 |              8 |
|  oclk_BUFG        | sccpu/cpu_ref/mem_reg[205][7]_0[0]      |                  |                5 |              8 |
|  oclk_BUFG        | sccpu/cpu_ref/mem_reg[206][7]_0[0]      |                  |                7 |              8 |
|  oclk_BUFG        | sccpu/cpu_ref/mem_reg[207][7][0]        |                  |                5 |              8 |
|  oclk_BUFG        | sccpu/cpu_ref/mem_reg[208][7]_0[0]      |                  |                5 |              8 |
|  oclk_BUFG        | sccpu/cpu_ref/mem_reg[209][7]_0[0]      |                  |                3 |              8 |
|  oclk_BUFG        | sccpu/cpu_ref/mem_reg[20][7][0]         |                  |                5 |              8 |
|  oclk_BUFG        | sccpu/cpu_ref/mem_reg[210][7]_0[0]      |                  |                4 |              8 |
|  oclk_BUFG        | sccpu/cpu_ref/mem_reg[211][7][0]        |                  |                4 |              8 |
|  oclk_BUFG        | sccpu/cpu_ref/mem_reg[212][7]_0[0]      |                  |                3 |              8 |
|  oclk_BUFG        | sccpu/cpu_ref/mem_reg[213][7]_0[0]      |                  |                7 |              8 |
|  oclk_BUFG        | sccpu/cpu_ref/mem_reg[214][7][0]        |                  |                7 |              8 |
|  oclk_BUFG        | sccpu/cpu_ref/mem_reg[215][7][0]        |                  |                6 |              8 |
|  oclk_BUFG        | sccpu/cpu_ref/mem_reg[216][7]_0[0]      |                  |                5 |              8 |
|  oclk_BUFG        | sccpu/cpu_ref/mem_reg[217][7]_0[0]      |                  |                5 |              8 |
|  oclk_BUFG        | sccpu/cpu_ref/mem_reg[218][7]_0[0]      |                  |                4 |              8 |
|  oclk_BUFG        | sccpu/cpu_ref/mem_reg[219][7][0]        |                  |                5 |              8 |
|  oclk_BUFG        | sccpu/cpu_ref/mem_reg[21][7][0]         |                  |                6 |              8 |
|  oclk_BUFG        | sccpu/cpu_ref/mem_reg[220][7]_0[0]      |                  |                6 |              8 |
|  oclk_BUFG        | sccpu/cpu_ref/mem_reg[221][7]_0[0]      |                  |                4 |              8 |
|  oclk_BUFG        | sccpu/cpu_ref/mem_reg[222][7]_0[0]      |                  |                3 |              8 |
|  oclk_BUFG        | sccpu/cpu_ref/mem_reg[223][7][0]        |                  |                5 |              8 |
|  oclk_BUFG        | sccpu/cpu_ref/mem_reg[224][7][0]        |                  |                4 |              8 |
|  oclk_BUFG        | sccpu/cpu_ref/mem_reg[225][7]_0[0]      |                  |                3 |              8 |
|  oclk_BUFG        | sccpu/cpu_ref/mem_reg[226][7]_0[0]      |                  |                5 |              8 |
|  oclk_BUFG        | sccpu/cpu_ref/mem_reg[227][7][0]        |                  |                5 |              8 |
|  oclk_BUFG        | sccpu/cpu_ref/mem_reg[228][7]_0[0]      |                  |                5 |              8 |
|  oclk_BUFG        | sccpu/cpu_ref/mem_reg[229][7]_0[0]      |                  |                6 |              8 |
|  oclk_BUFG        | sccpu/cpu_ref/mem_reg[22][7][0]         |                  |                6 |              8 |
|  oclk_BUFG        | sccpu/cpu_ref/mem_reg[230][7][0]        |                  |                4 |              8 |
|  oclk_BUFG        | sccpu/cpu_ref/mem_reg[231][7][0]        |                  |                4 |              8 |
|  oclk_BUFG        | sccpu/cpu_ref/mem_reg[232][7][0]        |                  |                5 |              8 |
|  oclk_BUFG        | sccpu/cpu_ref/mem_reg[233][7]_0[0]      |                  |                5 |              8 |
|  oclk_BUFG        | sccpu/cpu_ref/mem_reg[234][7][0]        |                  |                6 |              8 |
|  oclk_BUFG        | sccpu/cpu_ref/mem_reg[235][7][0]        |                  |                6 |              8 |
|  oclk_BUFG        | sccpu/cpu_ref/mem_reg[236][7][0]        |                  |                4 |              8 |
|  oclk_BUFG        | sccpu/cpu_ref/mem_reg[237][7][0]        |                  |                4 |              8 |
|  oclk_BUFG        | sccpu/cpu_ref/mem_reg[238][7][0]        |                  |                5 |              8 |
|  oclk_BUFG        | sccpu/cpu_ref/mem_reg[239][7]_0[0]      |                  |                5 |              8 |
|  oclk_BUFG        | sccpu/cpu_ref/mem_reg[23][7][0]         |                  |                5 |              8 |
|  oclk_BUFG        | sccpu/cpu_ref/mem_reg[240][7]_0[0]      |                  |                5 |              8 |
|  oclk_BUFG        | sccpu/cpu_ref/mem_reg[241][7][0]        |                  |                6 |              8 |
|  oclk_BUFG        | sccpu/cpu_ref/mem_reg[242][7]_0[0]      |                  |                5 |              8 |
|  oclk_BUFG        | sccpu/cpu_ref/mem_reg[243][7]_6[0]      |                  |                4 |              8 |
|  oclk_BUFG        | sccpu/cpu_ref/mem_reg[244][7][0]        |                  |                5 |              8 |
|  oclk_BUFG        | sccpu/cpu_ref/mem_reg[245][7][0]        |                  |                4 |              8 |
|  oclk_BUFG        | sccpu/cpu_ref/mem_reg[246][7]_0[0]      |                  |                5 |              8 |
|  oclk_BUFG        | sccpu/cpu_ref/mem_reg[247][7][0]        |                  |                5 |              8 |
|  oclk_BUFG        | sccpu/cpu_ref/mem_reg[248][7][0]        |                  |                5 |              8 |
|  oclk_BUFG        | sccpu/cpu_ref/mem_reg[249][7][0]        |                  |                6 |              8 |
|  oclk_BUFG        | sccpu/cpu_ref/mem_reg[24][7][0]         |                  |                5 |              8 |
|  oclk_BUFG        | sccpu/cpu_ref/mem_reg[250][7][0]        |                  |                6 |              8 |
|  oclk_BUFG        | sccpu/cpu_ref/mem_reg[251][7][0]        |                  |                4 |              8 |
|  oclk_BUFG        | sccpu/cpu_ref/mem_reg[252][7][0]        |                  |                6 |              8 |
|  oclk_BUFG        | sccpu/cpu_ref/mem_reg[253][7]_0[0]      |                  |                6 |              8 |
|  oclk_BUFG        | sccpu/cpu_ref/mem_reg[254][7]_19[0]     |                  |                4 |              8 |
|  oclk_BUFG        | sccpu/cpu_ref/mem_reg[255][7][0]        |                  |                5 |              8 |
|  oclk_BUFG        | sccpu/cpu_ref/mem_reg[256][7][0]        |                  |                5 |              8 |
|  oclk_BUFG        | sccpu/cpu_ref/mem_reg[257][7]_0[0]      |                  |                5 |              8 |
|  oclk_BUFG        | sccpu/cpu_ref/mem_reg[258][7]_0[0]      |                  |                4 |              8 |
|  oclk_BUFG        | sccpu/cpu_ref/mem_reg[259][7]_0[0]      |                  |                5 |              8 |
|  oclk_BUFG        | sccpu/cpu_ref/mem_reg[25][7][0]         |                  |                5 |              8 |
|  oclk_BUFG        | sccpu/cpu_ref/mem_reg[260][7]_1[0]      |                  |                3 |              8 |
|  oclk_BUFG        | sccpu/cpu_ref/mem_reg[261][7]_0[0]      |                  |                6 |              8 |
|  oclk_BUFG        | sccpu/cpu_ref/mem_reg[262][7]_0[0]      |                  |                8 |              8 |
|  oclk_BUFG        | sccpu/cpu_ref/mem_reg[263][7]_0[0]      |                  |                6 |              8 |
|  oclk_BUFG        | sccpu/cpu_ref/mem_reg[264][7]_0[0]      |                  |                5 |              8 |
|  oclk_BUFG        | sccpu/cpu_ref/mem_reg[265][7]_0[0]      |                  |                5 |              8 |
|  oclk_BUFG        | sccpu/cpu_ref/mem_reg[266][7]_0[0]      |                  |                8 |              8 |
|  oclk_BUFG        | sccpu/cpu_ref/mem_reg[267][7]_1[0]      |                  |                4 |              8 |
|  oclk_BUFG        | sccpu/cpu_ref/mem_reg[268][7][0]        |                  |                5 |              8 |
|  oclk_BUFG        | sccpu/cpu_ref/mem_reg[269][7]_0[0]      |                  |                4 |              8 |
|  oclk_BUFG        | sccpu/cpu_ref/mem_reg[26][7][0]         |                  |                5 |              8 |
|  oclk_BUFG        | sccpu/cpu_ref/mem_reg[270][7][0]        |                  |                5 |              8 |
|  oclk_BUFG        | sccpu/cpu_ref/mem_reg[271][7][0]        |                  |                5 |              8 |
|  oclk_BUFG        | sccpu/cpu_ref/mem_reg[272][7]_0[0]      |                  |                5 |              8 |
|  oclk_BUFG        | sccpu/cpu_ref/mem_reg[273][7]_0[0]      |                  |                4 |              8 |
|  oclk_BUFG        | sccpu/cpu_ref/mem_reg[274][7]_0[0]      |                  |                5 |              8 |
|  oclk_BUFG        | sccpu/cpu_ref/mem_reg[275][7][0]        |                  |                5 |              8 |
|  oclk_BUFG        | sccpu/cpu_ref/mem_reg[276][7][0]        |                  |                6 |              8 |
|  oclk_BUFG        | sccpu/cpu_ref/mem_reg[277][7]_0[0]      |                  |                5 |              8 |
|  oclk_BUFG        | sccpu/cpu_ref/mem_reg[278][7][0]        |                  |                5 |              8 |
|  oclk_BUFG        | sccpu/cpu_ref/mem_reg[279][7][0]        |                  |                5 |              8 |
|  oclk_BUFG        | sccpu/cpu_ref/mem_reg[27][7][0]         |                  |                6 |              8 |
|  oclk_BUFG        | sccpu/cpu_ref/mem_reg[280][7]_0[0]      |                  |                7 |              8 |
|  oclk_BUFG        | sccpu/cpu_ref/mem_reg[281][7]_0[0]      |                  |                5 |              8 |
|  oclk_BUFG        | sccpu/cpu_ref/mem_reg[282][7]_0[0]      |                  |                8 |              8 |
|  oclk_BUFG        | sccpu/cpu_ref/mem_reg[283][7][0]        |                  |                5 |              8 |
|  oclk_BUFG        | sccpu/cpu_ref/mem_reg[284][7]_0[0]      |                  |                6 |              8 |
|  oclk_BUFG        | sccpu/cpu_ref/mem_reg[285][7]_0[0]      |                  |                4 |              8 |
|  oclk_BUFG        | sccpu/cpu_ref/mem_reg[286][7]_0[0]      |                  |                4 |              8 |
|  oclk_BUFG        | sccpu/cpu_ref/mem_reg[287][7][0]        |                  |                6 |              8 |
|  oclk_BUFG        | sccpu/cpu_ref/mem_reg[288][7][0]        |                  |                5 |              8 |
|  oclk_BUFG        | sccpu/cpu_ref/mem_reg[289][7][0]        |                  |                4 |              8 |
|  oclk_BUFG        | sccpu/cpu_ref/mem_reg[28][7][0]         |                  |                5 |              8 |
|  oclk_BUFG        | sccpu/cpu_ref/mem_reg[290][7][0]        |                  |                6 |              8 |
|  oclk_BUFG        | sccpu/cpu_ref/mem_reg[291][7]_6[0]      |                  |                6 |              8 |
|  oclk_BUFG        | sccpu/cpu_ref/mem_reg[292][7]_0[0]      |                  |                3 |              8 |
|  oclk_BUFG        | sccpu/cpu_ref/mem_reg[293][7][0]        |                  |                5 |              8 |
|  oclk_BUFG        | sccpu/cpu_ref/mem_reg[294][7]_0[0]      |                  |                5 |              8 |
|  oclk_BUFG        | sccpu/cpu_ref/mem_reg[295][7][0]        |                  |                6 |              8 |
|  oclk_BUFG        | sccpu/cpu_ref/mem_reg[296][7][0]        |                  |                5 |              8 |
|  oclk_BUFG        | sccpu/cpu_ref/mem_reg[297][7]_1[0]      |                  |                6 |              8 |
|  oclk_BUFG        | sccpu/cpu_ref/mem_reg[298][7][0]        |                  |                4 |              8 |
|  oclk_BUFG        | sccpu/cpu_ref/mem_reg[299][7][0]        |                  |                4 |              8 |
|  oclk_BUFG        | sccpu/cpu_ref/mem_reg[29][7][0]         |                  |                6 |              8 |
|  oclk_BUFG        | sccpu/cpu_ref/mem_reg[2][7][0]          |                  |                4 |              8 |
|  oclk_BUFG        | sccpu/cpu_ref/mem_reg[300][7][0]        |                  |                5 |              8 |
|  oclk_BUFG        | sccpu/cpu_ref/mem_reg[301][7][0]        |                  |                6 |              8 |
|  oclk_BUFG        | sccpu/cpu_ref/mem_reg[302][7][0]        |                  |                5 |              8 |
|  oclk_BUFG        | sccpu/cpu_ref/mem_reg[303][7]_1[0]      |                  |                5 |              8 |
|  oclk_BUFG        | sccpu/cpu_ref/mem_reg[304][7][0]        |                  |                5 |              8 |
|  oclk_BUFG        | sccpu/cpu_ref/mem_reg[305][7][0]        |                  |                5 |              8 |
|  oclk_BUFG        | sccpu/cpu_ref/mem_reg[306][7][0]        |                  |                6 |              8 |
|  oclk_BUFG        | sccpu/cpu_ref/mem_reg[307][7][0]        |                  |                6 |              8 |
|  oclk_BUFG        | sccpu/cpu_ref/mem_reg[308][7]_0[0]      |                  |                4 |              8 |
|  oclk_BUFG        | sccpu/cpu_ref/mem_reg[309][7][0]        |                  |                6 |              8 |
|  oclk_BUFG        | sccpu/cpu_ref/mem_reg[30][7][0]         |                  |                5 |              8 |
|  oclk_BUFG        | sccpu/cpu_ref/mem_reg[310][7]_0[0]      |                  |                5 |              8 |
|  oclk_BUFG        | sccpu/cpu_ref/mem_reg[311][7][0]        |                  |                4 |              8 |
|  oclk_BUFG        | sccpu/cpu_ref/mem_reg[312][7][0]        |                  |                7 |              8 |
|  oclk_BUFG        | sccpu/cpu_ref/mem_reg[313][7][0]        |                  |                4 |              8 |
|  oclk_BUFG        | sccpu/cpu_ref/E[0]                      |                  |                6 |              8 |
|  oclk_BUFG        | sccpu/cpu_ref/mem_reg[0][7][0]          |                  |                5 |              8 |
|  oclk_BUFG        | sccpu/cpu_ref/mem_reg[100][7][0]        |                  |                5 |              8 |
|  oclk_BUFG        | sccpu/cpu_ref/mem_reg[101][7][0]        |                  |                5 |              8 |
|  oclk_BUFG        | sccpu/cpu_ref/mem_reg[102][7][0]        |                  |                6 |              8 |
|  oclk_BUFG        | sccpu/cpu_ref/mem_reg[103][7][0]        |                  |                7 |              8 |
|  oclk_BUFG        | sccpu/cpu_ref/mem_reg[104][7][0]        |                  |                5 |              8 |
|  oclk_BUFG        | sccpu/cpu_ref/mem_reg[105][7][0]        |                  |                6 |              8 |
|  oclk_BUFG        | sccpu/cpu_ref/mem_reg[106][7][0]        |                  |                5 |              8 |
|  oclk_BUFG        | sccpu/cpu_ref/mem_reg[107][7][0]        |                  |                5 |              8 |
|  oclk_BUFG        | sccpu/cpu_ref/mem_reg[108][7][0]        |                  |                4 |              8 |
|  oclk_BUFG        | sccpu/cpu_ref/mem_reg[109][7][0]        |                  |                6 |              8 |
|  oclk_BUFG        | sccpu/cpu_ref/mem_reg[10][7][0]         |                  |                7 |              8 |
|  oclk_BUFG        | sccpu/cpu_ref/mem_reg[110][7][0]        |                  |                5 |              8 |
|  oclk_BUFG        | sccpu/cpu_ref/mem_reg[111][7][0]        |                  |                5 |              8 |
|  oclk_BUFG        | sccpu/cpu_ref/mem_reg[112][7][0]        |                  |                5 |              8 |
|  oclk_BUFG        | sccpu/cpu_ref/mem_reg[113][7][0]        |                  |                4 |              8 |
|  oclk_BUFG        | sccpu/cpu_ref/mem_reg[114][7][0]        |                  |                5 |              8 |
|  oclk_BUFG        | sccpu/cpu_ref/mem_reg[115][7][0]        |                  |                5 |              8 |
|  oclk_BUFG        | sccpu/cpu_ref/mem_reg[116][7]_0[0]      |                  |                5 |              8 |
|  oclk_BUFG        | sccpu/cpu_ref/mem_reg[117][7][0]        |                  |                5 |              8 |
|  oclk_BUFG        | sccpu/cpu_ref/mem_reg[118][7][0]        |                  |                5 |              8 |
|  oclk_BUFG        | sccpu/cpu_ref/mem_reg[119][7][0]        |                  |                5 |              8 |
|  oclk_BUFG        | sccpu/cpu_ref/mem_reg[11][7][0]         |                  |                6 |              8 |
|  oclk_BUFG        | sccpu/cpu_ref/mem_reg[120][7][0]        |                  |                5 |              8 |
|  oclk_BUFG        | sccpu/cpu_ref/mem_reg[121][7][0]        |                  |                6 |              8 |
|  oclk_BUFG        | sccpu/cpu_ref/mem_reg[122][7][0]        |                  |                6 |              8 |
|  oclk_BUFG        | sccpu/cpu_ref/mem_reg[123][7][0]        |                  |                4 |              8 |
|  oclk_BUFG        | sccpu/cpu_ref/mem_reg[124][7][0]        |                  |                6 |              8 |
|  oclk_BUFG        | sccpu/cpu_ref/mem_reg[125][7][0]        |                  |                4 |              8 |
|  oclk_BUFG        | sccpu/cpu_ref/mem_reg[126][7][0]        |                  |                5 |              8 |
|  oclk_BUFG        | sccpu/cpu_ref/mem_reg[127][7][0]        |                  |                4 |              8 |
|  oclk_BUFG        | sccpu/cpu_ref/mem_reg[128][7][0]        |                  |                6 |              8 |
|  oclk_BUFG        | sccpu/cpu_ref/mem_reg[129][7][0]        |                  |                5 |              8 |
|  oclk_BUFG        | sccpu/cpu_ref/mem_reg[12][7][0]         |                  |                6 |              8 |
|  oclk_BUFG        | sccpu/cpu_ref/mem_reg[130][7][0]        |                  |                7 |              8 |
|  oclk_BUFG        | sccpu/cpu_ref/mem_reg[131][7][0]        |                  |                4 |              8 |
|  oclk_BUFG        | sccpu/cpu_ref/mem_reg[132][7][0]        |                  |                5 |              8 |
|  oclk_BUFG        | sccpu/cpu_ref/mem_reg[133][7][0]        |                  |                4 |              8 |
|  oclk_BUFG        | sccpu/cpu_ref/mem_reg[134][7][0]        |                  |                5 |              8 |
|  oclk_BUFG        | sccpu/cpu_ref/mem_reg[135][7][0]        |                  |                5 |              8 |
|  oclk_BUFG        | sccpu/cpu_ref/mem_reg[136][7][0]        |                  |                5 |              8 |
|  oclk_BUFG        | sccpu/cpu_ref/mem_reg[137][7][0]        |                  |                5 |              8 |
|  oclk_BUFG        | sccpu/cpu_ref/mem_reg[138][7][0]        |                  |                5 |              8 |
|  oclk_BUFG        | sccpu/cpu_ref/mem_reg[139][7][0]        |                  |                6 |              8 |
|  oclk_BUFG        | sccpu/cpu_ref/mem_reg[13][7][0]         |                  |                6 |              8 |
|  oclk_BUFG        | sccpu/cpu_ref/mem_reg[140][7][0]        |                  |                5 |              8 |
|  oclk_BUFG        | sccpu/cpu_ref/mem_reg[141][7][0]        |                  |                5 |              8 |
|  oclk_BUFG        | sccpu/cpu_ref/mem_reg[142][7][0]        |                  |                7 |              8 |
|  oclk_BUFG        | sccpu/cpu_ref/mem_reg[143][7][0]        |                  |                5 |              8 |
|  oclk_BUFG        | sccpu/cpu_ref/mem_reg[144][7][0]        |                  |                5 |              8 |
|  oclk_BUFG        | sccpu/cpu_ref/mem_reg[145][7][0]        |                  |                6 |              8 |
|  oclk_BUFG        | sccpu/cpu_ref/mem_reg[146][7][0]        |                  |                4 |              8 |
|  oclk_BUFG        | sccpu/cpu_ref/mem_reg[147][7][0]        |                  |                5 |              8 |
|  oclk_BUFG        | sccpu/cpu_ref/mem_reg[148][7][0]        |                  |                4 |              8 |
|  oclk_BUFG        | sccpu/cpu_ref/mem_reg[149][7][0]        |                  |                6 |              8 |
|  oclk_BUFG        | sccpu/cpu_ref/mem_reg[14][7][0]         |                  |                5 |              8 |
|  oclk_BUFG        | sccpu/cpu_ref/mem_reg[150][7][0]        |                  |                5 |              8 |
|  oclk_BUFG        | sccpu/cpu_ref/mem_reg[151][7][0]        |                  |                6 |              8 |
|  oclk_BUFG        | sccpu/cpu_ref/mem_reg[152][7][0]        |                  |                5 |              8 |
|  oclk_BUFG        | sccpu/cpu_ref/mem_reg[153][7][0]        |                  |                4 |              8 |
|  oclk_BUFG        | sccpu/cpu_ref/mem_reg[154][7][0]        |                  |                5 |              8 |
|  oclk_BUFG        | sccpu/cpu_ref/mem_reg[155][7][0]        |                  |                5 |              8 |
|  oclk_BUFG        | sccpu/cpu_ref/mem_reg[156][7][0]        |                  |                5 |              8 |
|  oclk_BUFG        | sccpu/cpu_ref/mem_reg[157][7]_0[0]      |                  |                4 |              8 |
|  oclk_BUFG        | sccpu/cpu_ref/mem_reg[158][7][0]        |                  |                5 |              8 |
|  oclk_BUFG        | sccpu/cpu_ref/mem_reg[159][7][0]        |                  |                6 |              8 |
|  oclk_BUFG        | sccpu/cpu_ref/mem_reg[15][7][0]         |                  |                7 |              8 |
|  oclk_BUFG        | sccpu/cpu_ref/mem_reg[160][7][0]        |                  |                5 |              8 |
|  oclk_BUFG        | sccpu/cpu_ref/mem_reg[161][7][0]        |                  |                4 |              8 |
|  oclk_BUFG        | sccpu/cpu_ref/mem_reg[162][7][0]        |                  |                5 |              8 |
|  oclk_BUFG        | sccpu/cpu_ref/mem_reg[394][7]_0[0]      |                  |                4 |              8 |
|  oclk_BUFG        | sccpu/cpu_ref/mem_reg[395][7][0]        |                  |                5 |              8 |
|  oclk_BUFG        | sccpu/cpu_ref/mem_reg[396][7][0]        |                  |                5 |              8 |
|  oclk_BUFG        | sccpu/cpu_ref/mem_reg[397][7][0]        |                  |                5 |              8 |
|  oclk_BUFG        | sccpu/cpu_ref/mem_reg[398][7][0]        |                  |                5 |              8 |
|  oclk_BUFG        | sccpu/cpu_ref/mem_reg[399][7][0]        |                  |                5 |              8 |
|  oclk_BUFG        | sccpu/cpu_ref/mem_reg[39][7][0]         |                  |                6 |              8 |
|  oclk_BUFG        | sccpu/cpu_ref/mem_reg[3][7][0]          |                  |                5 |              8 |
|  oclk_BUFG        | sccpu/cpu_ref/mem_reg[400][7][0]        |                  |                5 |              8 |
|  oclk_BUFG        | sccpu/cpu_ref/mem_reg[401][7][0]        |                  |                5 |              8 |
|  oclk_BUFG        | sccpu/cpu_ref/mem_reg[402][7][0]        |                  |                5 |              8 |
|  oclk_BUFG        | sccpu/cpu_ref/mem_reg[403][7][0]        |                  |                7 |              8 |
|  oclk_BUFG        | sccpu/cpu_ref/mem_reg[404][7][0]        |                  |                6 |              8 |
|  oclk_BUFG        | sccpu/cpu_ref/mem_reg[405][7]_0[0]      |                  |                3 |              8 |
|  oclk_BUFG        | sccpu/cpu_ref/mem_reg[406][7][0]        |                  |                6 |              8 |
|  oclk_BUFG        | sccpu/cpu_ref/mem_reg[407][7]_0[0]      |                  |                3 |              8 |
|  oclk_BUFG        | sccpu/cpu_ref/mem_reg[408][7][0]        |                  |                5 |              8 |
|  oclk_BUFG        | sccpu/cpu_ref/mem_reg[409][7][0]        |                  |                7 |              8 |
|  oclk_BUFG        | sccpu/cpu_ref/mem_reg[40][7][0]         |                  |                5 |              8 |
|  oclk_BUFG        | sccpu/cpu_ref/mem_reg[410][7]_0[0]      |                  |                5 |              8 |
|  oclk_BUFG        | sccpu/cpu_ref/mem_reg[411][7]_0[0]      |                  |                4 |              8 |
|  oclk_BUFG        | sccpu/cpu_ref/mem_reg[412][7][0]        |                  |                5 |              8 |
|  oclk_BUFG        | sccpu/cpu_ref/mem_reg[413][7][0]        |                  |                5 |              8 |
|  oclk_BUFG        | sccpu/cpu_ref/mem_reg[414][7][0]        |                  |                4 |              8 |
|  oclk_BUFG        | sccpu/cpu_ref/mem_reg[415][7][0]        |                  |                5 |              8 |
|  oclk_BUFG        | sccpu/cpu_ref/mem_reg[416][7]_0[0]      |                  |                3 |              8 |
|  oclk_BUFG        | sccpu/cpu_ref/mem_reg[417][7][0]        |                  |                5 |              8 |
|  oclk_BUFG        | sccpu/cpu_ref/mem_reg[418][7][0]        |                  |                5 |              8 |
|  oclk_BUFG        | sccpu/cpu_ref/mem_reg[419][7][0]        |                  |                4 |              8 |
|  oclk_BUFG        | sccpu/cpu_ref/mem_reg[41][7][0]         |                  |                5 |              8 |
|  oclk_BUFG        | sccpu/cpu_ref/mem_reg[420][7]_0[0]      |                  |                4 |              8 |
|  oclk_BUFG        | sccpu/cpu_ref/mem_reg[421][7][0]        |                  |                4 |              8 |
|  oclk_BUFG        | sccpu/cpu_ref/mem_reg[422][7][0]        |                  |                5 |              8 |
|  oclk_BUFG        | sccpu/cpu_ref/mem_reg[423][7][0]        |                  |                6 |              8 |
|  oclk_BUFG        | sccpu/cpu_ref/mem_reg[424][7][0]        |                  |                5 |              8 |
|  oclk_BUFG        | sccpu/cpu_ref/mem_reg[425][7][0]        |                  |                4 |              8 |
|  oclk_BUFG        | sccpu/cpu_ref/mem_reg[426][7][0]        |                  |                5 |              8 |
|  oclk_BUFG        | sccpu/cpu_ref/mem_reg[427][7][0]        |                  |                5 |              8 |
|  oclk_BUFG        | sccpu/cpu_ref/mem_reg[428][7][0]        |                  |                5 |              8 |
|  oclk_BUFG        | sccpu/cpu_ref/mem_reg[429][7][0]        |                  |                5 |              8 |
|  oclk_BUFG        | sccpu/cpu_ref/mem_reg[42][7][0]         |                  |                6 |              8 |
|  oclk_BUFG        | sccpu/cpu_ref/mem_reg[430][7][0]        |                  |                5 |              8 |
|  oclk_BUFG        | sccpu/cpu_ref/mem_reg[431][7][0]        |                  |                4 |              8 |
|  oclk_BUFG        | sccpu/cpu_ref/mem_reg[432][7][0]        |                  |                5 |              8 |
|  oclk_BUFG        | sccpu/cpu_ref/mem_reg[433][7]_0[0]      |                  |                3 |              8 |
|  oclk_BUFG        | sccpu/cpu_ref/mem_reg[434][7][0]        |                  |                5 |              8 |
|  oclk_BUFG        | sccpu/cpu_ref/mem_reg[435][7][0]        |                  |                5 |              8 |
|  oclk_BUFG        | sccpu/cpu_ref/mem_reg[436][7][0]        |                  |                5 |              8 |
|  oclk_BUFG        | sccpu/cpu_ref/mem_reg[437][7][0]        |                  |                4 |              8 |
|  oclk_BUFG        | sccpu/cpu_ref/mem_reg[438][7][0]        |                  |                4 |              8 |
|  oclk_BUFG        | sccpu/cpu_ref/mem_reg[439][7][0]        |                  |                5 |              8 |
|  oclk_BUFG        | sccpu/cpu_ref/mem_reg[43][7][0]         |                  |                4 |              8 |
|  oclk_BUFG        | sccpu/cpu_ref/mem_reg[440][7][0]        |                  |                5 |              8 |
|  oclk_BUFG        | sccpu/cpu_ref/mem_reg[441][7]_0[0]      |                  |                3 |              8 |
|  oclk_BUFG        | sccpu/cpu_ref/mem_reg[442][7][0]        |                  |                5 |              8 |
|  oclk_BUFG        | sccpu/cpu_ref/mem_reg[443][7][0]        |                  |                4 |              8 |
|  oclk_BUFG        | sccpu/cpu_ref/mem_reg[444][7][0]        |                  |                5 |              8 |
|  oclk_BUFG        | sccpu/cpu_ref/mem_reg[445][7][0]        |                  |                4 |              8 |
|  oclk_BUFG        | sccpu/cpu_ref/mem_reg[446][7][0]        |                  |                4 |              8 |
|  oclk_BUFG        | sccpu/cpu_ref/mem_reg[447][7][0]        |                  |                5 |              8 |
|  oclk_BUFG        | sccpu/cpu_ref/mem_reg[448][7][0]        |                  |                5 |              8 |
|  oclk_BUFG        | sccpu/cpu_ref/mem_reg[449][7][0]        |                  |                6 |              8 |
|  oclk_BUFG        | sccpu/cpu_ref/mem_reg[44][7][0]         |                  |                7 |              8 |
|  oclk_BUFG        | sccpu/cpu_ref/mem_reg[450][7][0]        |                  |                7 |              8 |
|  oclk_BUFG        | sccpu/cpu_ref/mem_reg[451][7][0]        |                  |                3 |              8 |
|  oclk_BUFG        | sccpu/cpu_ref/mem_reg[452][7][0]        |                  |                3 |              8 |
|  oclk_BUFG        | sccpu/cpu_ref/mem_reg[453][7][0]        |                  |                5 |              8 |
|  oclk_BUFG        | sccpu/cpu_ref/mem_reg[454][7][0]        |                  |                6 |              8 |
|  oclk_BUFG        | sccpu/cpu_ref/mem_reg[455][7][0]        |                  |                5 |              8 |
|  oclk_BUFG        | sccpu/cpu_ref/mem_reg[456][7][0]        |                  |                7 |              8 |
|  oclk_BUFG        | sccpu/cpu_ref/mem_reg[457][7][0]        |                  |                4 |              8 |
|  oclk_BUFG        | sccpu/cpu_ref/mem_reg[458][7][0]        |                  |                5 |              8 |
|  oclk_BUFG        | sccpu/cpu_ref/mem_reg[459][7][0]        |                  |                5 |              8 |
|  oclk_BUFG        | sccpu/cpu_ref/mem_reg[45][7][0]         |                  |                7 |              8 |
|  oclk_BUFG        | sccpu/cpu_ref/mem_reg[460][7][0]        |                  |                4 |              8 |
|  oclk_BUFG        | sccpu/cpu_ref/mem_reg[461][7][0]        |                  |                4 |              8 |
|  oclk_BUFG        | sccpu/cpu_ref/mem_reg[462][7][0]        |                  |                5 |              8 |
|  oclk_BUFG        | sccpu/cpu_ref/mem_reg[463][7][0]        |                  |                4 |              8 |
|  oclk_BUFG        | sccpu/cpu_ref/mem_reg[464][7][0]        |                  |                6 |              8 |
|  oclk_BUFG        | sccpu/cpu_ref/mem_reg[465][7][0]        |                  |                5 |              8 |
|  oclk_BUFG        | sccpu/cpu_ref/mem_reg[466][7][0]        |                  |                7 |              8 |
|  oclk_BUFG        | sccpu/cpu_ref/mem_reg[467][7][0]        |                  |                5 |              8 |
|  oclk_BUFG        | sccpu/cpu_ref/mem_reg[468][7]_0[0]      |                  |                5 |              8 |
|  oclk_BUFG        | sccpu/cpu_ref/mem_reg[469][7][0]        |                  |                5 |              8 |
|  oclk_BUFG        | sccpu/cpu_ref/mem_reg[46][7][0]         |                  |                6 |              8 |
|  oclk_BUFG        | sccpu/cpu_ref/mem_reg[470][7]_0[0]      |                  |                3 |              8 |
|  oclk_BUFG        | sccpu/cpu_ref/mem_reg[471][7][0]        |                  |                4 |              8 |
|  oclk_BUFG        | sccpu/cpu_ref/mem_reg[472][7]_0[0]      |                  |                6 |              8 |
|  oclk_BUFG        | sccpu/cpu_ref/mem_reg[473][7][0]        |                  |                4 |              8 |
|  oclk_BUFG        | sccpu/cpu_ref/mem_reg[474][7][0]        |                  |                6 |              8 |
|  oclk_BUFG        | sccpu/cpu_ref/mem_reg[475][7][0]        |                  |                5 |              8 |
|  oclk_BUFG        | sccpu/cpu_ref/mem_reg[476][7][0]        |                  |                5 |              8 |
|  oclk_BUFG        | sccpu/cpu_ref/mem_reg[477][7]_0[0]      |                  |                4 |              8 |
|  oclk_BUFG        | sccpu/cpu_ref/mem_reg[478][7][0]        |                  |                5 |              8 |
|  oclk_BUFG        | sccpu/cpu_ref/mem_reg[479][7]_0[0]      |                  |                4 |              8 |
|  oclk_BUFG        | sccpu/cpu_ref/mem_reg[47][7][0]         |                  |                6 |              8 |
|  oclk_BUFG        | sccpu/cpu_ref/mem_reg[480][7]_0[0]      |                  |                3 |              8 |
|  oclk_BUFG        | sccpu/cpu_ref/mem_reg[481][7][0]        |                  |                5 |              8 |
|  oclk_BUFG        | sccpu/cpu_ref/mem_reg[482][7][0]        |                  |                6 |              8 |
|  oclk_BUFG        | sccpu/cpu_ref/mem_reg[483][7]_1[0]      |                  |                5 |              8 |
|  oclk_BUFG        | sccpu/cpu_ref/mem_reg[484][7]_0[0]      |                  |                2 |              8 |
|  oclk_BUFG        | sccpu/cpu_ref/mem_reg[485][7]_0[0]      |                  |                7 |              8 |
|  oclk_BUFG        | sccpu/cpu_ref/mem_reg[486][7][0]        |                  |                5 |              8 |
|  oclk_BUFG        | sccpu/cpu_ref/mem_reg[487][7][0]        |                  |                5 |              8 |
|  oclk_BUFG        | sccpu/cpu_ref/mem_reg[488][7]_0[0]      |                  |                3 |              8 |
|  oclk_BUFG        | sccpu/cpu_ref/mem_reg[489][7][0]        |                  |                6 |              8 |
|  oclk_BUFG        | sccpu/cpu_ref/mem_reg[48][7][0]         |                  |                5 |              8 |
|  oclk_BUFG        | sccpu/cpu_ref/mem_reg[490][7][0]        |                  |                5 |              8 |
|  oclk_BUFG        | sccpu/cpu_ref/mem_reg[491][7][0]        |                  |                4 |              8 |
|  oclk_BUFG        | sccpu/cpu_ref/mem_reg[492][7][0]        |                  |                6 |              8 |
|  oclk_BUFG        | sccpu/cpu_ref/mem_reg[493][7][0]        |                  |                5 |              8 |
|  oclk_BUFG        | sccpu/cpu_ref/mem_reg[494][7][0]        |                  |                5 |              8 |
|  oclk_BUFG        | sccpu/cpu_ref/mem_reg[495][7][0]        |                  |                6 |              8 |
|  oclk_BUFG        | sccpu/cpu_ref/mem_reg[496][7]_0[0]      |                  |                4 |              8 |
|  oclk_BUFG        | sccpu/cpu_ref/mem_reg[497][7][0]        |                  |                5 |              8 |
|  oclk_BUFG        | sccpu/cpu_ref/mem_reg[498][7]_0[0]      |                  |                4 |              8 |
|  oclk_BUFG        | sccpu/cpu_ref/mem_reg[499][7][0]        |                  |                5 |              8 |
|  oclk_BUFG        | sccpu/cpu_ref/mem_reg[49][7][0]         |                  |                6 |              8 |
|  oclk_BUFG        | sccpu/cpu_ref/mem_reg[4][7][0]          |                  |                1 |              8 |
|  oclk_BUFG        | sccpu/cpu_ref/mem_reg[500][7][0]        |                  |                5 |              8 |
|  oclk_BUFG        | sccpu/cpu_ref/mem_reg[501][7][0]        |                  |                5 |              8 |
|  oclk_BUFG        | sccpu/cpu_ref/mem_reg[502][7][0]        |                  |                4 |              8 |
|  oclk_BUFG        | sccpu/cpu_ref/mem_reg[503][7][0]        |                  |                5 |              8 |
|  oclk_BUFG        | sccpu/cpu_ref/mem_reg[504][7][0]        |                  |                5 |              8 |
|  oclk_BUFG        | sccpu/cpu_ref/mem_reg[505][7][0]        |                  |                5 |              8 |
|  oclk_BUFG        | sccpu/cpu_ref/mem_reg[506][7][0]        |                  |                6 |              8 |
|  oclk_BUFG        | sccpu/cpu_ref/mem_reg[507][7][0]        |                  |                5 |              8 |
|  oclk_BUFG        | sccpu/cpu_ref/mem_reg[508][7][0]        |                  |                4 |              8 |
|  oclk_BUFG        | sccpu/cpu_ref/mem_reg[509][7][0]        |                  |                5 |              8 |
|  oclk_BUFG        | sccpu/cpu_ref/mem_reg[50][7][0]         |                  |                7 |              8 |
|  oclk_BUFG        | sccpu/cpu_ref/mem_reg[510][7][0]        |                  |                5 |              8 |
|  oclk_BUFG        | sccpu/cpu_ref/mem_reg[51][7][0]         |                  |                4 |              8 |
|  oclk_BUFG        | sccpu/cpu_ref/mem_reg[52][7][0]         |                  |                7 |              8 |
|  oclk_BUFG        | sccpu/cpu_ref/mem_reg[53][7][0]         |                  |                5 |              8 |
|  oclk_BUFG        | sccpu/cpu_ref/mem_reg[54][7][0]         |                  |                5 |              8 |
|  oclk_BUFG        | sccpu/cpu_ref/mem_reg[55][7][0]         |                  |                5 |              8 |
|  oclk_BUFG        | sccpu/cpu_ref/mem_reg[56][7][0]         |                  |                6 |              8 |
|  oclk_BUFG        | sccpu/cpu_ref/mem_reg[57][7][0]         |                  |                6 |              8 |
|  oclk_BUFG        | sccpu/cpu_ref/mem_reg[58][7][0]         |                  |                6 |              8 |
|  oclk_BUFG        | sccpu/cpu_ref/mem_reg[59][7][0]         |                  |                4 |              8 |
|  oclk_BUFG        | sccpu/cpu_ref/mem_reg[5][7][0]          |                  |                5 |              8 |
|  oclk_BUFG        | sccpu/cpu_ref/mem_reg[60][7][0]         |                  |                6 |              8 |
|  oclk_BUFG        | sccpu/cpu_ref/mem_reg[61][7][0]         |                  |                5 |              8 |
|  oclk_BUFG        | sccpu/cpu_ref/mem_reg[62][7][0]         |                  |                6 |              8 |
|  oclk_BUFG        | sccpu/cpu_ref/mem_reg[63][7]_0[0]       |                  |                5 |              8 |
|  oclk_BUFG        | sccpu/cpu_ref/mem_reg[64][7][0]         |                  |                4 |              8 |
|  oclk_BUFG        | sccpu/cpu_ref/mem_reg[65][7][0]         |                  |                5 |              8 |
|  oclk_BUFG        | sccpu/cpu_ref/mem_reg[66][7][0]         |                  |                5 |              8 |
|  oclk_BUFG        | sccpu/cpu_ref/mem_reg[67][7][0]         |                  |                5 |              8 |
|  oclk_BUFG        | sccpu/cpu_ref/mem_reg[68][7][0]         |                  |                6 |              8 |
|  oclk_BUFG        | sccpu/cpu_ref/mem_reg[69][7][0]         |                  |                7 |              8 |
|  oclk_BUFG        | sccpu/cpu_ref/mem_reg[6][7][0]          |                  |                5 |              8 |
|  oclk_BUFG        | sccpu/cpu_ref/mem_reg[70][7][0]         |                  |                4 |              8 |
|  oclk_BUFG        | sccpu/cpu_ref/mem_reg[71][7][0]         |                  |                3 |              8 |
|  oclk_BUFG        | sccpu/cpu_ref/mem_reg[72][7][0]         |                  |                5 |              8 |
|  oclk_BUFG        | sccpu/cpu_ref/mem_reg[73][7][0]         |                  |                6 |              8 |
|  oclk_BUFG        | sccpu/cpu_ref/mem_reg[74][7][0]         |                  |                5 |              8 |
|  oclk_BUFG        | sccpu/cpu_ref/mem_reg[75][7][0]         |                  |                7 |              8 |
|  oclk_BUFG        | sccpu/cpu_ref/mem_reg[76][7][0]         |                  |                4 |              8 |
|  oclk_BUFG        | sccpu/cpu_ref/mem_reg[77][7][0]         |                  |                6 |              8 |
|  oclk_BUFG        | sccpu/cpu_ref/mem_reg[78][7][0]         |                  |                5 |              8 |
|  oclk_BUFG        | sccpu/cpu_ref/mem_reg[79][7][0]         |                  |                6 |              8 |
|  oclk_BUFG        | sccpu/cpu_ref/mem_reg[7][7][0]          |                  |                2 |              8 |
|  oclk_BUFG        | sccpu/cpu_ref/mem_reg[80][7][0]         |                  |                4 |              8 |
|  oclk_BUFG        | sccpu/cpu_ref/mem_reg[81][7][0]         |                  |                4 |              8 |
|  oclk_BUFG        | sccpu/cpu_ref/mem_reg[82][7]_0[0]       |                  |                3 |              8 |
|  oclk_BUFG        | sccpu/cpu_ref/mem_reg[84][7][0]         |                  |                6 |              8 |
|  oclk_BUFG        | sccpu/cpu_ref/mem_reg[85][7][0]         |                  |                5 |              8 |
|  oclk_BUFG        | sccpu/cpu_ref/mem_reg[86][7][0]         |                  |                5 |              8 |
|  oclk_BUFG        | sccpu/cpu_ref/mem_reg[87][7][0]         |                  |                6 |              8 |
|  oclk_BUFG        | sccpu/cpu_ref/mem_reg[88][7][0]         |                  |                5 |              8 |
|  oclk_BUFG        | sccpu/cpu_ref/mem_reg[89][7][0]         |                  |                5 |              8 |
|  oclk_BUFG        | sccpu/cpu_ref/mem_reg[8][7][0]          |                  |                2 |              8 |
|  oclk_BUFG        | sccpu/cpu_ref/mem_reg[90][7][0]         |                  |                5 |              8 |
|  oclk_BUFG        | sccpu/cpu_ref/mem_reg[91][7][0]         |                  |                7 |              8 |
|  oclk_BUFG        | sccpu/cpu_ref/mem_reg[92][7][0]         |                  |                5 |              8 |
|  oclk_BUFG        | sccpu/cpu_ref/mem_reg[93][7][0]         |                  |                5 |              8 |
|  oclk_BUFG        | sccpu/cpu_ref/mem_reg[94][7][0]         |                  |                5 |              8 |
|  oclk_BUFG        | sccpu/cpu_ref/mem_reg[95][7][0]         |                  |                6 |              8 |
|  oclk_BUFG        | sccpu/cpu_ref/mem_reg[96][7][0]         |                  |                5 |              8 |
|  oclk_BUFG        | sccpu/cpu_ref/mem_reg[314][7][0]        |                  |                5 |              8 |
|  oclk_BUFG        | sccpu/cpu_ref/mem_reg[315][7][0]        |                  |                5 |              8 |
|  oclk_BUFG        | sccpu/cpu_ref/mem_reg[316][7][0]        |                  |                4 |              8 |
|  oclk_BUFG        | sccpu/cpu_ref/mem_reg[317][7][0]        |                  |                4 |              8 |
|  oclk_BUFG        | sccpu/cpu_ref/mem_reg[318][7][0]        |                  |                4 |              8 |
|  oclk_BUFG        | sccpu/cpu_ref/mem_reg[319][7][0]        |                  |                5 |              8 |
|  oclk_BUFG        | sccpu/cpu_ref/mem_reg[31][7][0]         |                  |                4 |              8 |
|  oclk_BUFG        | sccpu/cpu_ref/mem_reg[320][7][0]        |                  |                5 |              8 |
|  oclk_BUFG        | sccpu/cpu_ref/mem_reg[321][7][0]        |                  |                6 |              8 |
|  oclk_BUFG        | sccpu/cpu_ref/mem_reg[322][7][0]        |                  |                6 |              8 |
|  oclk_BUFG        | sccpu/cpu_ref/mem_reg[323][7]_0[0]      |                  |                4 |              8 |
|  oclk_BUFG        | sccpu/cpu_ref/mem_reg[324][7][0]        |                  |                6 |              8 |
|  oclk_BUFG        | sccpu/cpu_ref/mem_reg[325][7][0]        |                  |                5 |              8 |
|  oclk_BUFG        | sccpu/cpu_ref/mem_reg[326][7]_0[0]      |                  |                5 |              8 |
|  oclk_BUFG        | sccpu/cpu_ref/mem_reg[327][7][0]        |                  |                5 |              8 |
|  oclk_BUFG        | sccpu/cpu_ref/mem_reg[328][7][0]        |                  |                5 |              8 |
|  oclk_BUFG        | sccpu/cpu_ref/mem_reg[329][7]_0[0]      |                  |                5 |              8 |
|  oclk_BUFG        | sccpu/cpu_ref/mem_reg[32][7][0]         |                  |                5 |              8 |
|  oclk_BUFG        | sccpu/cpu_ref/mem_reg[330][7][0]        |                  |                4 |              8 |
|  oclk_BUFG        | sccpu/cpu_ref/mem_reg[331][7]_1[0]      |                  |                6 |              8 |
|  oclk_BUFG        | sccpu/cpu_ref/mem_reg[332][7]_0[0]      |                  |                5 |              8 |
|  oclk_BUFG        | sccpu/cpu_ref/mem_reg[333][7][0]        |                  |                5 |              8 |
|  oclk_BUFG        | sccpu/cpu_ref/mem_reg[334][7]_0[0]      |                  |                3 |              8 |
|  oclk_BUFG        | sccpu/cpu_ref/mem_reg[335][7]_0[0]      |                  |                4 |              8 |
|  oclk_BUFG        | sccpu/cpu_ref/mem_reg[336][7]_0[0]      |                  |                5 |              8 |
|  oclk_BUFG        | sccpu/cpu_ref/mem_reg[337][7][0]        |                  |                5 |              8 |
|  oclk_BUFG        | sccpu/cpu_ref/mem_reg[338][7][0]        |                  |                5 |              8 |
|  oclk_BUFG        | sccpu/cpu_ref/mem_reg[339][7]_0[0]      |                  |                4 |              8 |
|  oclk_BUFG        | sccpu/cpu_ref/mem_reg[33][7][0]         |                  |                5 |              8 |
|  oclk_BUFG        | sccpu/cpu_ref/mem_reg[340][7][0]        |                  |                6 |              8 |
|  oclk_BUFG        | sccpu/cpu_ref/mem_reg[341][7][0]        |                  |                5 |              8 |
|  oclk_BUFG        | sccpu/cpu_ref/mem_reg[342][7][0]        |                  |                5 |              8 |
|  oclk_BUFG        | sccpu/cpu_ref/mem_reg[343][7][0]        |                  |                3 |              8 |
|  oclk_BUFG        | sccpu/cpu_ref/mem_reg[344][7][0]        |                  |                5 |              8 |
|  oclk_BUFG        | sccpu/cpu_ref/mem_reg[345][7][0]        |                  |                6 |              8 |
|  oclk_BUFG        | sccpu/cpu_ref/mem_reg[346][7][0]        |                  |                7 |              8 |
|  oclk_BUFG        | sccpu/cpu_ref/mem_reg[347][7][0]        |                  |                5 |              8 |
|  oclk_BUFG        | sccpu/cpu_ref/mem_reg[348][7]_0[0]      |                  |                7 |              8 |
|  oclk_BUFG        | sccpu/cpu_ref/mem_reg[349][7]_0[0]      |                  |                5 |              8 |
|  oclk_BUFG        | sccpu/cpu_ref/mem_reg[34][7][0]         |                  |                5 |              8 |
|  oclk_BUFG        | sccpu/cpu_ref/mem_reg[350][7][0]        |                  |                5 |              8 |
|  oclk_BUFG        | sccpu/cpu_ref/mem_reg[351][7][0]        |                  |                5 |              8 |
|  oclk_BUFG        | sccpu/cpu_ref/mem_reg[352][7][0]        |                  |                6 |              8 |
|  oclk_BUFG        | sccpu/cpu_ref/mem_reg[353][7][0]        |                  |                4 |              8 |
|  oclk_BUFG        | sccpu/cpu_ref/mem_reg[354][7][0]        |                  |                5 |              8 |
|  oclk_BUFG        | sccpu/cpu_ref/mem_reg[355][7][0]        |                  |                5 |              8 |
|  oclk_BUFG        | sccpu/cpu_ref/mem_reg[356][7][0]        |                  |                6 |              8 |
|  oclk_BUFG        | sccpu/cpu_ref/mem_reg[357][7][0]        |                  |                4 |              8 |
|  oclk_BUFG        | sccpu/cpu_ref/mem_reg[358][7][0]        |                  |                6 |              8 |
|  oclk_BUFG        | sccpu/cpu_ref/mem_reg[359][7][0]        |                  |                5 |              8 |
|  oclk_BUFG        | sccpu/cpu_ref/mem_reg[35][7][0]         |                  |                5 |              8 |
|  oclk_BUFG        | sccpu/cpu_ref/mem_reg[360][7]_0[0]      |                  |                3 |              8 |
|  oclk_BUFG        | sccpu/cpu_ref/mem_reg[361][7]_0[0]      |                  |                6 |              8 |
|  oclk_BUFG        | sccpu/cpu_ref/mem_reg[83][7][0]         |                  |                6 |              8 |
|  oclk_BUFG        | sccpu/cpu_ref/mem_reg[363][7][0]        |                  |                5 |              8 |
|  oclk_BUFG        | sccpu/cpu_ref/mem_reg[364][7][0]        |                  |                5 |              8 |
|  oclk_BUFG        | sccpu/cpu_ref/mem_reg[365][7][0]        |                  |                4 |              8 |
|  oclk_BUFG        | sccpu/cpu_ref/mem_reg[366][7][0]        |                  |                5 |              8 |
|  oclk_BUFG        | sccpu/cpu_ref/mem_reg[367][7][0]        |                  |                6 |              8 |
|  oclk_BUFG        | sccpu/cpu_ref/mem_reg[368][7][0]        |                  |                5 |              8 |
|  oclk_BUFG        | sccpu/cpu_ref/mem_reg[369][7][0]        |                  |                5 |              8 |
|  oclk_BUFG        | sccpu/cpu_ref/mem_reg[36][7][0]         |                  |                5 |              8 |
|  oclk_BUFG        | sccpu/cpu_ref/mem_reg[370][7][0]        |                  |                7 |              8 |
|  oclk_BUFG        | sccpu/cpu_ref/mem_reg[371][7][0]        |                  |                5 |              8 |
|  oclk_BUFG        | sccpu/cpu_ref/mem_reg[372][7]_0[0]      |                  |                4 |              8 |
|  oclk_BUFG        | sccpu/cpu_ref/mem_reg[373][7][0]        |                  |                4 |              8 |
|  oclk_BUFG        | sccpu/cpu_ref/mem_reg[374][7]_0[0]      |                  |                5 |              8 |
|  oclk_BUFG        | sccpu/cpu_ref/mem_reg[375][7][0]        |                  |                4 |              8 |
|  oclk_BUFG        | sccpu/cpu_ref/mem_reg[376][7][0]        |                  |                5 |              8 |
|  oclk_BUFG        | sccpu/cpu_ref/mem_reg[377][7][0]        |                  |                5 |              8 |
|  oclk_BUFG        | sccpu/cpu_ref/mem_reg[378][7][0]        |                  |                4 |              8 |
|  oclk_BUFG        | sccpu/cpu_ref/mem_reg[379][7][0]        |                  |                6 |              8 |
|  oclk_BUFG        | sccpu/cpu_ref/mem_reg[37][7][0]         |                  |                5 |              8 |
|  oclk_BUFG        | sccpu/cpu_ref/mem_reg[380][7][0]        |                  |                5 |              8 |
|  oclk_BUFG        | sccpu/cpu_ref/mem_reg[381][7][0]        |                  |                5 |              8 |
|  oclk_BUFG        | sccpu/cpu_ref/mem_reg[382][7][0]        |                  |                5 |              8 |
|  oclk_BUFG        | sccpu/cpu_ref/mem_reg[383][7][0]        |                  |                5 |              8 |
|  oclk_BUFG        | sccpu/cpu_ref/mem_reg[384][7][0]        |                  |                6 |              8 |
|  oclk_BUFG        | sccpu/cpu_ref/mem_reg[385][7][0]        |                  |                5 |              8 |
|  oclk_BUFG        | sccpu/cpu_ref/mem_reg[386][7][0]        |                  |                5 |              8 |
|  oclk_BUFG        | sccpu/cpu_ref/mem_reg[387][7][0]        |                  |                5 |              8 |
|  oclk_BUFG        | sccpu/cpu_ref/mem_reg[388][7][0]        |                  |                5 |              8 |
|  oclk_BUFG        | sccpu/cpu_ref/mem_reg[389][7][0]        |                  |                5 |              8 |
|  oclk_BUFG        | sccpu/cpu_ref/mem_reg[38][7][0]         |                  |                5 |              8 |
|  oclk_BUFG        | sccpu/cpu_ref/mem_reg[390][7]_0[0]      |                  |                4 |              8 |
|  oclk_BUFG        | sccpu/cpu_ref/mem_reg[391][7][0]        |                  |                6 |              8 |
|  oclk_BUFG        | sccpu/cpu_ref/mem_reg[392][7][0]        |                  |                5 |              8 |
|  oclk_BUFG        | sccpu/cpu_ref/mem_reg[393][7][0]        |                  |                5 |              8 |
|  oclk_BUFG        | sccpu/cpu_ref/mem_reg[362][7][0]        |                  |                5 |              8 |
| ~oclk_BUFG        | sccpu/cpu_PC/PC_ENA                     | reset_IBUF       |               12 |             32 |
| ~oclk_BUFG        | sccpu/cpu_ref/array_reg[3][31]_i_1_n_0  | reset_IBUF       |               17 |             32 |
| ~oclk_BUFG        | sccpu/cpu_ref/array_reg[4][31]_i_1_n_0  | reset_IBUF       |               14 |             32 |
| ~oclk_BUFG        | sccpu/cpu_ref/array_reg[5][31]_i_1_n_0  | reset_IBUF       |               18 |             32 |
| ~oclk_BUFG        | sccpu/cpu_ref/array_reg[6][31]_i_1_n_0  | reset_IBUF       |               16 |             32 |
| ~oclk_BUFG        | sccpu/cpu_ref/array_reg[7][31]_i_1_n_0  | reset_IBUF       |               17 |             32 |
| ~oclk_BUFG        | sccpu/cpu_ref/array_reg[8][31]_i_1_n_0  | reset_IBUF       |               15 |             32 |
| ~oclk_BUFG        | sccpu/cpu_ref/array_reg[9][31]_i_1_n_0  | reset_IBUF       |               22 |             32 |
| ~oclk_BUFG        | sccpu/cpu_ref/array_reg                 | reset_IBUF       |               18 |             32 |
| ~oclk_BUFG        | sccpu/cpu_ref/array_reg[0][31]_i_1_n_0  | reset_IBUF       |               17 |             32 |
| ~oclk_BUFG        | sccpu/cpu_ref/array_reg[10][31]_i_1_n_0 | reset_IBUF       |               14 |             32 |
| ~oclk_BUFG        | sccpu/cpu_ref/array_reg[11][31]_i_1_n_0 | reset_IBUF       |               14 |             32 |
| ~oclk_BUFG        | sccpu/cpu_ref/array_reg[12][31]_i_1_n_0 | reset_IBUF       |               12 |             32 |
| ~oclk_BUFG        | sccpu/cpu_ref/array_reg[15][31]_i_1_n_0 | reset_IBUF       |               14 |             32 |
| ~oclk_BUFG        | sccpu/cpu_ref/array_reg[13][31]_i_1_n_0 | reset_IBUF       |               13 |             32 |
| ~oclk_BUFG        | sccpu/cpu_ref/array_reg[14][31]_i_1_n_0 | reset_IBUF       |               13 |             32 |
| ~oclk_BUFG        | sccpu/cpu_ref/array_reg[16][31]_i_1_n_0 | reset_IBUF       |               16 |             32 |
| ~oclk_BUFG        | sccpu/cpu_ref/array_reg[17][31]_i_1_n_0 | reset_IBUF       |               20 |             32 |
| ~oclk_BUFG        | sccpu/cpu_ref/array_reg[18][31]_i_1_n_0 | reset_IBUF       |               23 |             32 |
| ~oclk_BUFG        | sccpu/cpu_ref/array_reg[19][31]_i_1_n_0 | reset_IBUF       |               17 |             32 |
| ~oclk_BUFG        | sccpu/cpu_ref/array_reg[1][31]_i_1_n_0  | reset_IBUF       |               21 |             32 |
| ~oclk_BUFG        | sccpu/cpu_ref/array_reg[20][31]_i_1_n_0 | reset_IBUF       |               17 |             32 |
| ~oclk_BUFG        | sccpu/cpu_ref/array_reg[21][31]_i_1_n_0 | reset_IBUF       |               14 |             32 |
| ~oclk_BUFG        | sccpu/cpu_ref/array_reg[22][31]_i_1_n_0 | reset_IBUF       |               19 |             32 |
| ~oclk_BUFG        | sccpu/cpu_ref/array_reg[23][31]_i_1_n_0 | reset_IBUF       |               24 |             32 |
| ~oclk_BUFG        | sccpu/cpu_ref/array_reg[24][31]_i_1_n_0 | reset_IBUF       |               21 |             32 |
| ~oclk_BUFG        | sccpu/cpu_ref/array_reg[25][31]_i_1_n_0 | reset_IBUF       |               13 |             32 |
| ~oclk_BUFG        | sccpu/cpu_ref/array_reg[26][31]_i_1_n_0 | reset_IBUF       |               12 |             32 |
| ~oclk_BUFG        | sccpu/cpu_ref/array_reg[27][31]_i_1_n_0 | reset_IBUF       |               15 |             32 |
| ~oclk_BUFG        | sccpu/cpu_ref/array_reg[28][31]_i_1_n_0 | reset_IBUF       |               13 |             32 |
| ~oclk_BUFG        | sccpu/cpu_ref/array_reg[29][31]_i_1_n_0 | reset_IBUF       |               15 |             32 |
| ~oclk_BUFG        | sccpu/cpu_ref/array_reg[2][31]_i_1_n_0  | reset_IBUF       |               21 |             32 |
| ~oclk_BUFG        | sccpu/cpu_ref/array_reg[30][31]_i_1_n_0 | reset_IBUF       |               12 |             32 |
|  clk_in_IBUF_BUFG |                                         | reset_IBUF       |               30 |             86 |
+-------------------+-----------------------------------------+------------------+------------------+----------------+


